{
  "name": "edit role",
  "status": "skipped",
  "statusDetails": {
    "known": false,
    "muted": false,
    "flaky": false,
    "message": "Cannot invoke \"org.openqa.selenium.WebDriver.quit()\" because \"StepsDefinitions.Hooks.driver\" is null",
    "trace": "java.lang.NullPointerException: Cannot invoke \"org.openqa.selenium.WebDriver.quit()\" because \"StepsDefinitions.Hooks.driver\" is null\r\n\tat StepsDefinitions.Hooks.runsAfteranyScenario(Hooks.java:20)\r\n"
  },
  "stage": "finished",
  "steps": [
    {
      "name": "Given  user is on login page",
      "statusDetails": {
        "known": false,
        "muted": false,
        "flaky": false,
        "message": "Undefined Step. Please add step definition",
        "trace": "java.lang.IllegalStateException: Undefined Step. Please add step definition\r\n\tat io.qameta.allure.cucumber6jvm.AllureCucumber6Jvm.handlePickleStep(AllureCucumber6Jvm.java:406)\r\n\tat io.qameta.allure.cucumber6jvm.AllureCucumber6Jvm.handleTestStepFinished(AllureCucumber6Jvm.java:242)\r\n\tat io.cucumber.core.eventbus.AbstractEventPublisher.send(AbstractEventPublisher.java:51)\r\n\tat io.cucumber.core.eventbus.AbstractEventBus.send(AbstractEventBus.java:12)\r\n\tat io.cucumber.core.runtime.SynchronizedEventBus.send(SynchronizedEventBus.java:47)\r\n\tat io.cucumber.core.runtime.ThreadLocalRunnerSupplier$LocalEventBus.send(ThreadLocalRunnerSupplier.java:66)\r\n\tat io.cucumber.core.runner.TestStep.emitTestStepFinished(TestStep.java:124)\r\n\tat io.cucumber.core.runner.TestStep.run(TestStep.java:74)\r\n\tat io.cucumber.core.runner.PickleStepTestStep.run(PickleStepTestStep.java:51)\r\n\tat io.cucumber.core.runner.TestCase.run(TestCase.java:104)\r\n\tat io.cucumber.core.runner.Runner.runPickle(Runner.java:73)\r\n\tat io.cucumber.junit.PickleRunners$NoStepDescriptions.run(PickleRunners.java:151)\r\n\tat io.cucumber.junit.FeatureRunner.runChild(FeatureRunner.java:135)\r\n\tat io.cucumber.junit.FeatureRunner.runChild(FeatureRunner.java:27)\r\n\tat org.junit.runners.ParentRunner$4.run(ParentRunner.java:331)\r\n\tat org.junit.runners.ParentRunner$1.schedule(ParentRunner.java:79)\r\n\tat org.junit.runners.ParentRunner.runChildren(ParentRunner.java:329)\r\n\tat org.junit.runners.ParentRunner.access$100(ParentRunner.java:66)\r\n\tat org.junit.runners.ParentRunner$2.evaluate(ParentRunner.java:293)\r\n\tat org.junit.runners.ParentRunner$3.evaluate(ParentRunner.java:306)\r\n\tat org.junit.runners.ParentRunner.run(ParentRunner.java:413)\r\n\tat io.cucumber.junit.Cucumber.runChild(Cucumber.java:200)\r\n\tat io.cucumber.junit.Cucumber.runChild(Cucumber.java:90)\r\n\tat org.junit.runners.ParentRunner$4.run(ParentRunner.java:331)\r\n\tat org.junit.runners.ParentRunner$1.schedule(ParentRunner.java:79)\r\n\tat org.junit.runners.ParentRunner.runChildren(ParentRunner.java:329)\r\n\tat org.junit.runners.ParentRunner.access$100(ParentRunner.java:66)\r\n\tat org.junit.runners.ParentRunner$2.evaluate(ParentRunner.java:293)\r\n\tat io.cucumber.junit.Cucumber$RunCucumber.evaluate(Cucumber.java:235)\r\n\tat org.junit.runners.ParentRunner$3.evaluate(ParentRunner.java:306)\r\n\tat org.junit.runners.ParentRunner.run(ParentRunner.java:413)\r\n\tat org.eclipse.jdt.internal.junit4.runner.JUnit4TestReference.run(JUnit4TestReference.java:93)\r\n\tat org.eclipse.jdt.internal.junit.runner.TestExecution.run(TestExecution.java:40)\r\n\tat org.eclipse.jdt.internal.junit.runner.RemoteTestRunner.runTests(RemoteTestRunner.java:529)\r\n\tat org.eclipse.jdt.internal.junit.runner.RemoteTestRunner.runTests(RemoteTestRunner.java:756)\r\n\tat org.eclipse.jdt.internal.junit.runner.RemoteTestRunner.run(RemoteTestRunner.java:452)\r\n\tat org.eclipse.jdt.internal.junit.runner.RemoteTestRunner.main(RemoteTestRunner.java:210)\r\n"
      },
      "stage": "finished",
      "steps": [],
      "attachments": [],
      "parameters": [],
      "start": 1629466970231,
      "stop": 1629466970233
    },
    {
      "name": "When  user enter username and password",
      "status": "skipped",
      "statusDetails": {
        "known": false,
        "muted": false,
        "flaky": false
      },
      "stage": "finished",
      "steps": [],
      "attachments": [
        {
          "name": "Data table",
          "source": "73edb929-74d5-4d73-9a3f-a8fa667c716f-attachment.csv",
          "type": "text/tab-separated-values"
        }
      ],
      "parameters": [],
      "start": 1629466970233,
      "stop": 1629466970237
    },
    {
      "name": "When  go to workforcepage and click to button settnigs",
      "status": "skipped",
      "statusDetails": {
        "known": false,
        "muted": false,
        "flaky": false
      },
      "stage": "finished",
      "steps": [],
      "attachments": [],
      "parameters": [],
      "start": 1629466970237,
      "stop": 1629466970238
    },
    {
      "name": "When  click to Role button",
      "status": "skipped",
      "statusDetails": {
        "known": false,
        "muted": false,
        "flaky": false
      },
      "stage": "finished",
      "steps": [],
      "attachments": [],
      "parameters": [],
      "start": 1629466970238,
      "stop": 1629466970239
    },
    {
      "name": "When  search the rol will be edit",
      "status": "skipped",
      "statusDetails": {
        "known": false,
        "muted": false,
        "flaky": false
      },
      "stage": "finished",
      "steps": [],
      "attachments": [],
      "parameters": [],
      "start": 1629466970239,
      "stop": 1629466970240
    },
    {
      "name": "When  click to button edit",
      "status": "skipped",
      "statusDetails": {
        "known": false,
        "muted": false,
        "flaky": false
      },
      "stage": "finished",
      "steps": [],
      "attachments": [],
      "parameters": [],
      "start": 1629466970240,
      "stop": 1629466970241
    },
    {
      "name": "When  set the new AutomationRoleedit and this role for automation is edit",
      "status": "skipped",
      "statusDetails": {
        "known": false,
        "muted": false,
        "flaky": false
      },
      "stage": "finished",
      "steps": [],
      "attachments": [],
      "parameters": [],
      "start": 1629466970241,
      "stop": 1629466970242
    },
    {
      "name": "Then  verify the role is edit",
      "status": "skipped",
      "statusDetails": {
        "known": false,
        "muted": false,
        "flaky": false
      },
      "stage": "finished",
      "steps": [],
      "attachments": [],
      "parameters": [],
      "start": 1629466970242,
      "stop": 1629466970243
    }
  ],
  "attachments": [],
  "parameters": [
    {
      "name": "name",
      "value": "AutomationRoleedit"
    },
    {
      "name": "description",
      "value": "this role for automation is edit"
    }
  ],
  "start": 1629466970230,
  "stop": 1629466970244,
  "uuid": "f4afe04c-aece-4f6d-9f80-93f5bc628d18",
  "historyId": "d4154b0c1560d6c57dd0906458cdb424",
  "fullName": "Create new Role: edit role",
  "labels": [
    {
      "name": "host",
      "value": "DESKTOP-OVEUH4R"
    },
    {
      "name": "thread",
      "value": "13380@DESKTOP-OVEUH4R.main(1)"
    },
    {
      "name": "feature",
      "value": "Create new Role"
    },
    {
      "name": "story",
      "value": "edit role"
    },
    {
      "name": "suite",
      "value": "Create new Role"
    },
    {
      "name": "testClass",
      "value": "edit role"
    },
    {
      "name": "framework",
      "value": "cucumber4jvm"
    },
    {
      "name": "language",
      "value": "java"
    },
    {
      "name": "gherkin_uri",
      "value": "file:///C:/Users/ismail/eclipse-workspace/RedSea-PageFactory/src/test/resources/Features/T02-roles.feature"
    },
    {
      "name": "package",
      "value": "src.test.resources.Features.T02-roles_feature.Create new Role"
    }
  ],
  "links": []
}